Top level modules:
	bisr_tb_top
** Note: (vlog-7082) For C/C++ auto compile, choosing compiler /usr/bin/g++ set from the PATH environment variable.
-- Compiling DPI/PLI C++ file /usr/share/questa/questasim/verilog_src/uvm-1.2/src/dpi/uvm_dpi.cc
End time: 04:05:00 on Apr 02,2026, Elapsed time: 0:00:04
Errors: 0, Warnings: 0
QuestaSim-64 vopt 2025.2 Compiler 2025.05 May 31 2025
** Warning: (vopt-10587) Some optimizations are turned off because the +acc switch is in effect. This will cause your simulation to run slowly. Please use -access/-debug to maintain needed visibility. The +acc switch would be deprecated in a future release.
Start time: 04:05:00 on Apr 02,2026
vopt -access=rw+/. -timescale 1ns/1ns -mfcu "+acc=npr" -findtoplevels qrun.out/work+2+ -work qrun.out/work -statslog qrun.out/stats_log -csession=incr -o qrun_opt -csessionid=3 
** Note: (vopt-220) 'modelsim.ini' is used as the ini file.

Top level modules:
	bisr_tb_top

Analyzing design...
-- Loading module bisr_tb_top
-- Loading package questa_uvm_pkg
-- Loading interface bisr_if
-- Loading module chip_top
-- Loading module tap_controller
-- Loading module sib
-- Loading module bisr
-- Loading module memory
-- Loading module dummy_mbist
Optimizing 12 design-units (inlining 0/9 module instances):
-- Optimizing package uvm_pkg (uvm-1.2 Built-in)(fast)
-- Optimizing package questa_uvm_pkg(fast)
-- Optimizing package uvm_pkg_sv_unit(fast)
-- Optimizing module tap_controller(fast)
-- Optimizing module bisr(fast)
-- Optimizing interface bisr_if(fast__2)
-- Optimizing module chip_top(fast)
-- Optimizing module bisr_tb_top(fast)
-- Optimizing module sib(fast)
-- Optimizing module memory(fast)
-- Optimizing module dummy_mbist(fast)
-- Optimizing interface bisr_if(fast)
Optimized design name is qrun_opt
End time: 04:05:10 on Apr 02,2026, Elapsed time: 0:00:10
Errors: 0, Warnings: 1
# ** Note: (vsim-220) 'modelsim.ini' is used as the ini file.
# vsim -batch -lib qrun.out/work -do " run -all; exit" -statslog qrun.out/stats_log qrun_opt -appendlog -l qrun.log 
# Start time: 04:05:10 on Apr 02,2026
# Loading /tmp/root@7bf3c3dedde4_dpi_34/linux_x86_64_gcc-11/export_tramp.so
# //  Questa Sim-64
# //  Version 2025.2 linux_x86_64 May 31 2025
# //
# // Unpublished work. Copyright 2025 Siemens
# //
# // This material contains trade secrets or otherwise confidential information
# // owned by Siemens Industry Software Inc. or its affiliates (collectively,
# // "SISW"), or its licensors. Access to and use of this information is strictly
# // limited as set forth in the Customer's applicable agreements with SISW.
# //
# // This material may not be copied, distributed, or otherwise disclosed outside
# // of the Customer's facilities without the express written permission of SISW,
# // and may not be used in any way not expressly authorized by SISW.
# //
# Loading sv_std.std
# Loading work.bisr_if(fast)
# Loading work.uvm_pkg(fast)
# Loading work.uvm_pkg_sv_unit(fast)
# Loading work.questa_uvm_pkg(fast)
# Loading work.bisr_tb_top(fast)
# Loading work.bisr_if(fast__2)
# Loading work.chip_top(fast)
# Loading work.tap_controller(fast)
# Loading work.sib(fast)
# Loading work.bisr(fast)
# Loading work.memory(fast)
# Loading work.dummy_mbist(fast)
# ** Note: (vsim-7082) For C/C++ auto compile, choosing compiler /usr/bin/g++ set from the PATH environment variable.
# Compiling /tmp/root@7bf3c3dedde4_dpi_34/linux_x86_64_gcc-11/exportwrapper.c
# Loading /tmp/root@7bf3c3dedde4_dpi_34/linux_x86_64_gcc-11/vsim_auto_compile.so
# 
# run -all
# UVM_INFO /usr/share/questa/questasim/verilog_src/uvm-1.2/src/base/uvm_root.svh(392) @ 0: reporter [UVM/RELNOTES] 
# ----------------------------------------------------------------
# UVM-1.2
# (C) 2007-2014 Mentor Graphics Corporation
# (C) 2007-2014 Cadence Design Systems, Inc.
# (C) 2006-2014 Synopsys, Inc.
# (C) 2011-2013 Cypress Semiconductor Corp.
# (C) 2013-2014 NVIDIA Corporation
# ----------------------------------------------------------------
# 
#   ***********       IMPORTANT RELEASE NOTES         ************
# 
#   You are using a version of the UVM library that has been compiled
#   with `UVM_NO_DEPRECATED undefined.
#   See http://www.eda.org/svdb/view.php?id=3313 for more details.
# 
#   You are using a version of the UVM library that has been compiled
#   with `UVM_OBJECT_DO_NOT_NEED_CONSTRUCTOR undefined.
#   See http://www.eda.org/svdb/view.php?id=3770 for more details.
# 
#       (Specify +UVM_NO_RELNOTES to turn off this notice)
# 
# UVM_INFO /usr/share/questa/questasim/verilog_src/questa_uvm_pkg-1.2/src/questa_uvm_pkg.sv(277) @ 0: reporter [Questa UVM] QUESTA_UVM-1.2.3
# UVM_INFO /usr/share/questa/questasim/verilog_src/questa_uvm_pkg-1.2/src/questa_uvm_pkg.sv(278) @ 0: reporter [Questa UVM]  questa_uvm::init(+struct)
# UVM_INFO @ 0: reporter [RNTST] Running test bisr_base_test...
# UVM_INFO /usr/share/questa/questasim/verilog_src/uvm-1.2/src/base/uvm_root.svh(579) @ 0: reporter [UVMTOP] UVM testbench topology:
# --------------------------------------------------------------
# Name                       Type                    Size  Value
# --------------------------------------------------------------
# uvm_test_top               bisr_base_test          -     @368 
#   env                      bisr_env                -     @380 
#     agent                  bisr_agent              -     @388 
#       ap                   uvm_analysis_port       -     @562 
#       coverage             bisr_coverage           -     @571 
#         analysis_imp       uvm_analysis_imp        -     @579 
#       drv                  bisr_driver             -     @528 
#         rsp_port           uvm_analysis_port       -     @545 
#         seq_item_port      uvm_seq_item_pull_port  -     @536 
#       mon                  bisr_monitor            -     @554 
#         ap                 uvm_analysis_port       -     @589 
#       sqr                  bisr_sequencer          -     @405 
#         rsp_export         uvm_analysis_export     -     @413 
#         seq_item_export    uvm_seq_item_pull_imp   -     @519 
#         arbitration_queue  array                   0     -    
#         lock_queue         array                   0     -    
#         num_last_reqs      integral                32    'd1  
#         num_last_rsps      integral                32    'd1  
#     scoreboard             bisr_scoreboard         -     @396 
#       imp                  uvm_analysis_imp        -     @604 
# --------------------------------------------------------------
# 
# UVM_INFO bisr_base_test.sv(29) @ 0: uvm_test_top [bisr_base_test] Starting bisr_base_sequence
# UVM_INFO bisr_base_sequence.sv(27) @ 0: uvm_test_top.env.agent.sqr@@seq [SEQ] Write IR: instr=0011
# UVM_INFO bisr_scoreboard.sv(73) @ 20000: uvm_test_top.env.scoreboard [RESET] Scoreboard model cleared
# UVM_INFO bisr_monitor.sv(79) @ 165000: uvm_test_top.env.agent.mon [MON] Write IR observed: 0011
# UVM_INFO bisr_base_sequence.sv(42) @ 165000: uvm_test_top.env.agent.sqr@@seq [SEQ] Write DR: data=10
# UVM_ERROR bisr_scoreboard.sv(40) @ 305000: uvm_test_top.env.scoreboard [MODEL_UNDERFLOW] Model underflow
# UVM_INFO bisr_monitor.sv(114) @ 305000: uvm_test_top.env.agent.mon [MON] Write DR observed: 2 dr_bits:           2
# UVM_INFO bisr_monitor.sv(123) @ 305000: uvm_test_top.env.agent.mon [MON] Read DR observed: 0
# UVM_INFO bisr_base_sequence.sv(57) @ 305000: uvm_test_top.env.agent.sqr@@seq [SEQ] Write DR: addr=33 data=ac
# UVM_ERROR bisr_scoreboard.sv(40) @ 605000: uvm_test_top.env.scoreboard [MODEL_UNDERFLOW] Model underflow
# UVM_INFO bisr_monitor.sv(114) @ 605000: uvm_test_top.env.agent.mon [MON] Write DR observed: 26758 dr_bits:          18
# UVM_INFO bisr_monitor.sv(123) @ 605000: uvm_test_top.env.agent.mon [MON] Read DR observed: 0
# UVM_INFO bisr_base_sequence.sv(72) @ 605000: uvm_test_top.env.agent.sqr@@seq [SEQ] Read DR: addr=33
# UVM_INFO bisr_scoreboard.sv(48) @ 905000: uvm_test_top.env.scoreboard [MATCH] Matched ac
# UVM_INFO bisr_monitor.sv(114) @ 905000: uvm_test_top.env.agent.mon [MON] Write DR observed: 26600 dr_bits:          18
# UVM_INFO bisr_monitor.sv(123) @ 905000: uvm_test_top.env.agent.mon [MON] Read DR observed: 0
# UVM_INFO bisr_base_sequence.sv(88) @ 905000: uvm_test_top.env.agent.sqr@@seq [SEQ] Write DR: addr=a2 data=2c
# UVM_INFO bisr_scoreboard.sv(48) @ 1205000: uvm_test_top.env.scoreboard [MATCH] Matched 00
# UVM_INFO bisr_monitor.sv(114) @ 1205000: uvm_test_top.env.agent.mon [MON] Write DR observed: 34458 dr_bits:          18
# UVM_INFO bisr_monitor.sv(123) @ 1205000: uvm_test_top.env.agent.mon [MON] Read DR observed: 0
# UVM_INFO bisr_base_sequence.sv(103) @ 1205000: uvm_test_top.env.agent.sqr@@seq [SEQ] Read DR: addr=a2
# UVM_INFO bisr_scoreboard.sv(48) @ 1505000: uvm_test_top.env.scoreboard [MATCH] Matched 2c
# UVM_INFO bisr_monitor.sv(114) @ 1505000: uvm_test_top.env.agent.mon [MON] Write DR observed: 34400 dr_bits:          18
# UVM_INFO bisr_monitor.sv(123) @ 1505000: uvm_test_top.env.agent.mon [MON] Read DR observed: 0
# UVM_INFO /usr/share/questa/questasim/verilog_src/uvm-1.2/src/base/uvm_objection.svh(1270) @ 2505000: reporter [TEST_DONE] 'run' phase is ready to proceed to the 'extract' phase
# UVM_INFO /usr/share/questa/questasim/verilog_src/uvm-1.2/src/base/uvm_report_server.svh(847) @ 2505000: reporter [UVM/REPORT/SERVER] 
# --- UVM Report Summary ---
# 
# ** Report counts by severity
# UVM_INFO :   28
# UVM_WARNING :    0
# UVM_ERROR :    2
# UVM_FATAL :    0
# ** Report counts by id
# [MATCH]     3
# [MODEL_UNDERFLOW]     2
# [MON]    11
# [Questa UVM]     2
# [RESET]     1
# [RNTST]     1
# [SEQ]     6
# [TEST_DONE]     1
# [UVM/RELNOTES]     1
# [UVMTOP]     1
# [bisr_base_test]     1
# 
# ** Note: $finish    : /usr/share/questa/questasim/verilog_src/uvm-1.2/src/base/uvm_root.svh(517)
#    Time: 2505 ns  Iteration: 68  Instance: /bisr_tb_top
# End time: 04:05:13 on Apr 02,2026, Elapsed time: 0:00:03
# Errors: 0, Warnings: 0
End time: 04:05:13 on Apr 02,2026, Elapsed time: 0:00:17
*** Summary *********************************************
    qrun: Errors:   0, Warnings:   0
    vlog: Errors:   0, Warnings:   0
    vopt: Errors:   0, Warnings:   1
    vsim: Errors:   0, Warnings:   0
  Totals: Errors:   0, Warnings:   1
Done
